14:27:18.322 [print] DkGBVoSWlj
14:27:18.382 [print] {
  "name": "Qwerty",
  "gender": "Male",
  "status": "active",
  "email": "DkGBVoSWlj@gmail.com"
}

14:27:19.940 request:
1 > POST https://gorest.co.in/public/v2/users
1 > Accept-Encoding: gzip,deflate
1 > Authorization: Bearer 6e0066a0bb86cd647aa2decf379be41d032015434b9f54eff829883d35b2835b
1 > Connection: Keep-Alive
1 > Content-Length: 82
1 > Content-Type: application/json; charset=UTF-8
1 > Host: gorest.co.in
1 > User-Agent: Apache-HttpClient/4.5.12 (Java/1.8.0_201)
{"name":"Qwerty","gender":"Male","status":"active","email":"DkGBVoSWlj@gmail.com"}

14:27:20.977 response time in milliseconds: 1030.74
1 < 201
1 < Cache-Control: max-age=0, private, must-revalidate
1 < Connection: keep-alive
1 < Content-Type: application/json; charset=utf-8
1 < Date: Sun, 10 Apr 2022 08:57:21 GMT
1 < ETag: W/"99e19d841b4d5b0e7c5b1eab1b1d89c6"
1 < Location: https://gorest.co.in/public/v2/users/4679
1 < Referrer-Policy: strict-origin-when-cross-origin
1 < Server: nginx
1 < Strict-Transport-Security: max-age=63072000; includeSubDomains
1 < Transfer-Encoding: chunked
1 < Vary: Origin
1 < X-Content-Type-Options: nosniff
1 < X-Download-Options: noopen
1 < X-Frame-Options: SAMEORIGIN
1 < X-Permitted-Cross-Domain-Policies: none
1 < X-RateLimit-Limit: 90
1 < X-RateLimit-Remaining: 86
1 < X-RateLimit-Reset: 1
1 < X-Request-Id: dfe4d812-596c-4255-a996-1bc70bdc7bb7
1 < X-Runtime: 0.024553
1 < X-XSS-Protection: 0
{"id":4679,"name":"Qwerty","email":"DkGBVoSWlj@gmail.com","gender":"male","status":"active"}

14:27:20.983 [print] {
  "gender": "male",
  "name": "Qwerty",
  "id": 4679,
  "email": "DkGBVoSWlj@gmail.com",
  "status": "active"
}

56:44.362 request:
2 > PUT https://gorest.co.in/public/v2/users/3393
2 > Accept-Encoding: gzip,deflate
2 > Authorization: Bearer 6e0066a0bb86cd647aa2decf379be41d032015434b9f54eff829883d35b2835b
2 > Connection: Keep-Alive
2 > Content-Length: 32
2 > Content-Type: application/json; charset=UTF-8
2 > Host: gorest.co.in
2 > User-Agent: Apache-HttpClient/4.5.12 (Java/1.8.0_201)
{"name":"Tom","status":"active"}

09:56:44.723 response time in milliseconds: 215.99
2 < 200
2 < Cache-Control: max-age=0, private, must-revalidate
2 < Connection: keep-alive
2 < Content-Type: application/json; charset=utf-8
2 < Date: Wed, 06 Apr 2022 04:26:44 GMT
2 < ETag: W/"ac6f0b3901404fdb9e5cfcfcb44cb723"
2 < Referrer-Policy: strict-origin-when-cross-origin
2 < Server: nginx
2 < Strict-Transport-Security: max-age=63072000; includeSubDomains
2 < Transfer-Encoding: chunked
2 < Vary: [Accept-Encoding, Origin]
2 < X-Content-Type-Options: nosniff
2 < X-Download-Options: noopen
2 < X-Frame-Options: SAMEORIGIN
2 < X-Permitted-Cross-Domain-Policies: none
2 < X-RateLimit-Limit: 90
2 < X-RateLimit-Remaining: 89
2 < X-RateLimit-Reset: 2
2 < X-Request-Id: df0b4ba5-aa95-40da-ac8f-12321ed49e1a
2 < X-Runtime: 0.034199
2 < X-XSS-Protection: 0
{"name":"Tom","status":"active","id":3393,"email":"HSoLuiEZPG@gmail.com","gender":"male"}

09:56:44.725 [print] {
  "gender": "male",
  "name": "Tom",
  "id": 3393,
  "email": "HSoLuiEZPG@gmail.com",
  "status": "active"
}

