17:40:55.178 [main] DEBUG com.intuit.karate.Suite - [config] classpath:karate-config.js
17:40:58.517 [main] INFO  com.intuit.karate - karate.env system property is ===>>  null 
17:40:58.742 [main] INFO  com.intuit.karate - [print] FKzUcwqpie 
17:40:58.753 [main] INFO  com.intuit.karate - [print] {
  "name": "Qwerty",
  "gender": "Male",
  "status": "active",
  "email": "FKzUcwqpie@gmail.com"
}
 
17:40:59.385 [main] DEBUG com.intuit.karate - request:
1 > POST https://gorest.co.in/public/v2/users
1 > Authorization: Bearer 6e0066a0bb86cd647aa2decf379be41d032015434b9f54eff829883d35b2835b
1 > Content-Type: application/json; charset=UTF-8
1 > Content-Length: 82
1 > Host: gorest.co.in
1 > Connection: Keep-Alive
1 > User-Agent: Apache-HttpClient/4.5.13 (Java/16.0.1)
1 > Accept-Encoding: gzip,deflate
{"name":"Qwerty","gender":"Male","status":"active","email":"FKzUcwqpie@gmail.com"}

17:41:00.255 [main] DEBUG com.intuit.karate - response time in milliseconds: 863
1 < 201
1 < Server: nginx
1 < Date: Sun, 03 Jul 2022 12:10:59 GMT
1 < Content-Type: application/json; charset=utf-8
1 < Transfer-Encoding: chunked
1 < Connection: keep-alive
1 < X-Frame-Options: SAMEORIGIN
1 < X-XSS-Protection: 0
1 < X-Content-Type-Options: nosniff
1 < X-Download-Options: noopen
1 < X-Permitted-Cross-Domain-Policies: none
1 < Referrer-Policy: strict-origin-when-cross-origin
1 < X-RateLimit-Limit: 90
1 < X-RateLimit-Remaining: 89
1 < X-RateLimit-Reset: 1
1 < Location: https://gorest.co.in/public/v2/users/6075
1 < ETag: W/"11ef457a4995e852f01be49ab1b78371"
1 < Cache-Control: max-age=0, private, must-revalidate
1 < X-Request-Id: 92b1decc-9d69-4cb1-b81a-775830c8ad76
1 < X-Runtime: 0.020497
1 < Strict-Transport-Security: max-age=63072000; includeSubDomains
1 < Vary: Origin
{"id":6075,"name":"Qwerty","email":"FKzUcwqpie@gmail.com","gender":"male","status":"active"}
17:41:00.265 [main] INFO  com.intuit.karate - [print] {
  "id": 6075,
  "name": "Qwerty",
  "email": "FKzUcwqpie@gmail.com",
  "gender": "male",
  "status": "active"
}
 
17:41:01.494 [main] INFO  com.intuit.karate.Suite - <<pass>> feature 1 of 1 (0 remaining) src/test/java/feature/POST_API_Demo.feature
